0 info it worked if it ends with ok
1 verbose cli [ '/usr/local/bin/node', '/usr/local/bin/npm', 'publish' ]
2 info using npm@2.14.7
3 info using node@v4.2.1
4 verbose publish [ '.' ]
5 silly cache add args [ '.', null ]
6 verbose cache add spec .
7 silly cache add parsed spec Result {
7 silly cache add   raw: '.',
7 silly cache add   scope: null,
7 silly cache add   name: null,
7 silly cache add   rawSpec: '.',
7 silly cache add   spec: '/Users/litao/Sites/amd2common',
7 silly cache add   type: 'directory' }
8 verbose addLocalDirectory /Users/litao/.npm/amd2common/0.0.2/package.tgz not in flight; packing
9 verbose tar pack [ '/Users/litao/.npm/amd2common/0.0.2/package.tgz',
9 verbose tar pack   '/Users/litao/Sites/amd2common' ]
10 verbose tarball /Users/litao/.npm/amd2common/0.0.2/package.tgz
11 verbose folder /Users/litao/Sites/amd2common
12 info prepublish amd2common@0.0.2
13 verbose addLocalTarball adding from inside cache /Users/litao/.npm/amd2common/0.0.2/package.tgz
14 silly cache afterAdd amd2common@0.0.2
15 verbose afterAdd /Users/litao/.npm/amd2common/0.0.2/package/package.json not in flight; writing
16 verbose afterAdd /Users/litao/.npm/amd2common/0.0.2/package/package.json written
17 silly publish { name: 'amd2common',
17 silly publish   version: '0.0.2',
17 silly publish   description: '把整个amd格式module的目录深度替换为commonjs规范的module',
17 silly publish   main: 'index.js',
17 silly publish   scripts: { test: 'amd2common' },
17 silly publish   repository:
17 silly publish    { type: 'git',
17 silly publish      url: 'git+https://github.com/nickli/amd2common.git' },
17 silly publish   keywords: [ 'amd', 'common', 'amd2common' ],
17 silly publish   author: { name: 'nickli' },
17 silly publish   license: 'ISC',
17 silly publish   bugs: { url: 'https://github.com/nickli/amd2common/issues' },
17 silly publish   homepage: 'https://github.com/nickli/amd2common#readme',
17 silly publish   dependencies:
17 silly publish    { esprima: '^1.2.2',
17 silly publish      escope: '^1.0.1',
17 silly publish      minimist: '^0.1.0',
17 silly publish      escodegen: '^1.3.2',
17 silly publish      estraverse: '^1.5.0',
17 silly publish      'amd-parser': '^0.1.0' },
17 silly publish   bin: { amd2common: './bin/amd2common.js' },
17 silly publish   gitHead: '58b014cc3d851ab649832d3c4a63c87a9e7e160a',
17 silly publish   readme: 'ERROR: No README data found!',
17 silly publish   _id: 'amd2common@0.0.2',
17 silly publish   _shasum: '5be8b3f1d746508ee4dfa012b63d5c0ec2c41fe8',
17 silly publish   _from: '.' }
18 verbose getPublishConfig undefined
19 silly mapToRegistry name amd2common
20 silly mapToRegistry using default registry
21 silly mapToRegistry registry https://registry.npmjs.org/
22 silly mapToRegistry uri https://registry.npmjs.org/amd2common
23 verbose publish registryBase https://registry.npmjs.org/
24 silly publish uploading /Users/litao/.npm/amd2common/0.0.2/package.tgz
25 verbose request uri https://registry.npmjs.org/amd2common
26 verbose request sending authorization for write operation
27 info attempt registry request try #1 at 17:13:45
28 verbose request id b08baa459728af4c
29 http request PUT https://registry.npmjs.org/amd2common
30 http 403 https://registry.npmjs.org/amd2common
31 verbose headers { 'content-type': 'application/json',
31 verbose headers   'cache-control': 'max-age=300',
31 verbose headers   'content-length': '95',
31 verbose headers   'accept-ranges': 'bytes',
31 verbose headers   date: 'Wed, 13 Jan 2016 09:13:47 GMT',
31 verbose headers   via: '1.1 varnish',
31 verbose headers   connection: 'keep-alive',
31 verbose headers   'x-served-by': 'cache-nrt6120-NRT',
31 verbose headers   'x-cache': 'MISS',
31 verbose headers   'x-cache-hits': '0',
31 verbose headers   'x-timer': 'S1452676426.555517,VS0,VE919' }
32 verbose request invalidating /Users/litao/.npm/registry.npmjs.org/amd2common on PUT
33 error publish Failed PUT 403
34 verbose stack Error: "You cannot publish over the previously published version 0.0.2." : amd2common
34 verbose stack     at makeError (/usr/local/lib/node_modules/npm/node_modules/npm-registry-client/lib/request.js:264:12)
34 verbose stack     at CachingRegistryClient.<anonymous> (/usr/local/lib/node_modules/npm/node_modules/npm-registry-client/lib/request.js:252:14)
34 verbose stack     at Request._callback (/usr/local/lib/node_modules/npm/node_modules/npm-registry-client/lib/request.js:172:14)
34 verbose stack     at Request.self.callback (/usr/local/lib/node_modules/npm/node_modules/request/request.js:198:22)
34 verbose stack     at emitTwo (events.js:87:13)
34 verbose stack     at Request.emit (events.js:172:7)
34 verbose stack     at Request.<anonymous> (/usr/local/lib/node_modules/npm/node_modules/request/request.js:1063:14)
34 verbose stack     at emitOne (events.js:82:20)
34 verbose stack     at Request.emit (events.js:169:7)
34 verbose stack     at IncomingMessage.<anonymous> (/usr/local/lib/node_modules/npm/node_modules/request/request.js:1009:12)
35 verbose statusCode 403
36 verbose pkgid amd2common
37 verbose cwd /Users/litao/Sites/amd2common
38 error Darwin 14.5.0
39 error argv "/usr/local/bin/node" "/usr/local/bin/npm" "publish"
40 error node v4.2.1
41 error npm  v2.14.7
42 error code E403
43 error "You cannot publish over the previously published version 0.0.2." : amd2common
44 error If you need help, you may report this error at:
44 error     <https://github.com/npm/npm/issues>
45 verbose exit [ 1, true ]
